identifierList
identifierList
type
identifierList
type
fieldList
fieldList
type
typeDefinition
type
type
typeDefinition
type
typeDefinition
typeDefinitions
identifierList
type
variableDeclaration
variableDeclarations
identifierList
type
formalParameterList
resultType
variable
factor
term
simpleExpression
expression
assignmentStatement
simpleStatement
structuredStatement
statement
statementSequence
compoundStatement
block
functionDeclaration
identifierList
type
identifierList
type
formalParameterList
resultType
variable
factor
term
simpleExpression
expression
procedureStatement
simpleStatement
structuredStatement
structuredStatement
statement
statementSequence
compoundStatement
block
functionDeclaration
identifierList
identifierList
type
formalParameterList
resultType
functionDeclaration
subprogramDeclarations
subprogramDeclarations
subprogramDeclarations
variable
factor
term
simpleExpression
expression
actualParameterList
functionReference
factor
term
simpleExpression
expression
assignmentStatement
simpleStatement
structuredStatement
statement
statementSequence
compoundStatement
program
